mode: set
go-crawler/auth.go:44.39,46.60 2 1
go-crawler/auth.go:46.60,48.3 1 1
go-crawler/auth.go:49.2,49.21 1 1
go-crawler/auth.go:54.43,56.2 1 1
go-crawler/auth.go:71.68,73.82 2 0
go-crawler/auth.go:73.82,75.17 2 0
go-crawler/auth.go:75.17,77.4 1 0
go-crawler/auth.go:78.3,78.33 1 0
go-crawler/auth.go:78.33,88.4 1 0
go-crawler/auth.go:89.3,89.13 1 0
go-crawler/auth.go:90.18,92.3 1 0
go-crawler/auth.go:93.2,93.21 1 0
go-crawler/auth.go:98.63,99.79 1 0
go-crawler/auth.go:99.79,100.29 1 0
go-crawler/auth.go:100.29,101.16 1 0
go-crawler/auth.go:101.16,102.13 1 0
go-crawler/auth.go:104.4,113.25 4 0
go-crawler/auth.go:113.25,115.5 1 0
go-crawler/auth.go:117.3,117.13 1 0
go-crawler/auth.go:128.48,131.36 2 0
go-crawler/auth.go:131.36,135.84 2 0
go-crawler/auth.go:135.84,137.4 1 0
go-crawler/auth.go:140.3,140.50 1 0
go-crawler/auth.go:140.50,142.4 1 0
go-crawler/auth.go:142.9,147.18 1 0
go-crawler/auth.go:147.18,149.5 1 0
go-crawler/auth.go:152.4,153.145 2 0
go-crawler/auth.go:153.145,155.5 1 0
go-crawler/auth.go:157.4,157.23 1 0
go-crawler/auth.go:157.23,160.5 2 0
go-crawler/auth.go:161.4,161.57 1 0
go-crawler/auth.go:166.2,166.86 1 0
go-crawler/auth.go:172.103,178.14 2 0
go-crawler/auth.go:178.14,184.3 1 0
go-crawler/auth.go:184.8,188.3 1 0
go-crawler/auth.go:190.2,192.17 2 0
go-crawler/auth.go:192.17,195.20 3 0
go-crawler/auth.go:195.20,199.4 3 0
go-crawler/auth.go:200.3,200.21 1 0
go-crawler/auth.go:203.2,204.19 2 0
go-crawler/auth.go:204.19,207.3 2 0
go-crawler/auth.go:208.2,208.20 1 0
go-crawler/auth.go:212.67,214.2 1 0
go-crawler/auth.go:218.71,220.2 1 0
go-crawler/auth.go:223.26,236.16 6 0
go-crawler/auth.go:236.16,238.3 1 0
go-crawler/auth.go:241.2,249.16 6 0
go-crawler/auth.go:249.16,251.3 1 0
go-crawler/auth.go:253.2,253.45 1 0
go-crawler/auth.go:253.45,255.3 1 0
go-crawler/auth.go:257.2,261.12 4 0
go-crawler/cache.go:119.13,124.2 3 1
go-crawler/cache.go:126.22,127.26 1 1
go-crawler/cache.go:127.26,131.3 3 1
go-crawler/cache.go:138.55,140.22 2 1
go-crawler/cache.go:140.22,144.3 3 1
go-crawler/cache.go:145.2,151.22 4 1
go-crawler/cache.go:151.22,153.3 1 0
go-crawler/cache.go:155.2,156.59 2 1
go-crawler/cache.go:156.59,157.25 1 1
go-crawler/cache.go:157.25,161.4 3 1
go-crawler/cache.go:162.3,162.18 1 0
go-crawler/cache.go:165.2,166.27 2 1
go-crawler/cache.go:171.57,180.2 6 1
go-crawler/cache.go:184.55,186.22 2 1
go-crawler/cache.go:186.22,189.3 2 1
go-crawler/cache.go:190.2,195.22 4 1
go-crawler/cache.go:195.22,197.3 1 0
go-crawler/cache.go:199.2,200.59 2 1
go-crawler/cache.go:200.59,201.25 1 1
go-crawler/cache.go:201.25,205.4 3 1
go-crawler/cache.go:206.3,206.18 1 0
go-crawler/cache.go:209.2,210.27 2 0
go-crawler/cache.go:214.57,223.2 6 1
go-crawler/cache.go:227.55,229.22 2 1
go-crawler/cache.go:229.22,232.3 2 1
go-crawler/cache.go:233.2,238.22 4 1
go-crawler/cache.go:238.22,240.3 1 0
go-crawler/cache.go:242.2,243.59 2 1
go-crawler/cache.go:243.59,244.25 1 1
go-crawler/cache.go:244.25,248.4 3 1
go-crawler/cache.go:249.3,249.18 1 0
go-crawler/cache.go:252.2,253.27 2 1
go-crawler/cache.go:257.57,266.2 6 1
go-crawler/cache.go:269.62,273.2 3 1
go-crawler/cache.go:276.66,280.2 3 1
go-crawler/cache.go:283.61,286.9 3 1
go-crawler/cache.go:286.9,288.3 1 1
go-crawler/cache.go:290.2,290.39 1 1
go-crawler/cache.go:290.39,292.3 1 1
go-crawler/cache.go:293.2,293.20 1 1
go-crawler/cache.go:298.86,304.13 5 0
go-crawler/cache.go:304.13,306.3 1 0
go-crawler/cache.go:308.2,308.18 1 0
go-crawler/cache.go:308.18,311.3 2 0
go-crawler/cache.go:313.2,313.28 1 0
go-crawler/cache.go:318.64,321.9 3 0
go-crawler/cache.go:321.9,323.3 1 0
go-crawler/cache.go:324.2,324.20 1 0
go-crawler/cache.go:328.65,332.2 3 1
go-crawler/cache.go:337.62,340.9 3 1
go-crawler/cache.go:340.9,342.3 1 0
go-crawler/cache.go:344.2,344.35 1 1
go-crawler/cache.go:344.35,345.50 1 1
go-crawler/cache.go:345.50,347.4 1 1
go-crawler/cache.go:349.2,349.20 1 1
go-crawler/cache.go:354.66,360.25 4 1
go-crawler/cache.go:360.25,364.3 2 0
go-crawler/cache.go:364.8,367.3 1 1
go-crawler/cache.go:368.2,370.30 2 1
go-crawler/cache.go:378.50,381.75 2 1
go-crawler/cache.go:381.75,384.39 3 0
go-crawler/cache.go:384.39,386.4 1 0
go-crawler/cache.go:387.3,387.16 1 0
go-crawler/cache.go:389.2,395.30 4 1
go-crawler/cache.go:395.30,397.3 1 1
go-crawler/cache.go:400.2,400.22 1 1
go-crawler/cache.go:400.22,402.3 1 1
go-crawler/cache.go:405.2,410.39 5 1
go-crawler/cache.go:410.39,412.3 1 1
go-crawler/cache.go:414.2,414.16 1 1
go-crawler/cache.go:419.57,420.16 1 1
go-crawler/cache.go:420.16,424.3 3 1
go-crawler/cache.go:427.61,430.30 3 1
go-crawler/cache.go:430.30,432.39 1 1
go-crawler/cache.go:432.39,435.4 2 1
go-crawler/cache.go:437.2,438.14 2 1
go-crawler/config.go:48.47,50.52 2 1
go-crawler/config.go:50.52,52.3 1 1
go-crawler/config.go:54.2,54.87 1 1
go-crawler/config.go:54.87,56.3 1 0
go-crawler/config.go:58.2,58.48 1 1
go-crawler/config.go:58.48,60.3 1 1
go-crawler/config.go:62.2,62.69 1 1
go-crawler/config.go:62.69,64.3 1 1
go-crawler/config.go:66.2,66.36 1 1
go-crawler/config.go:66.36,68.3 1 1
go-crawler/config.go:70.2,70.36 1 1
go-crawler/config.go:70.36,72.3 1 1
go-crawler/config.go:74.2,74.39 1 1
go-crawler/config.go:74.39,76.3 1 0
go-crawler/config.go:78.2,78.38 1 1
go-crawler/config.go:78.38,80.3 1 0
go-crawler/config.go:82.2,82.21 1 1
go-crawler/config.go:87.52,89.16 2 1
go-crawler/config.go:89.16,91.3 1 0
go-crawler/config.go:92.2,93.54 2 1
go-crawler/config.go:93.54,95.3 1 0
go-crawler/config.go:96.2,96.45 1 1
go-crawler/config.go:96.45,99.3 2 0
go-crawler/config.go:100.2,100.12 1 1
go-crawler/config.go:105.41,106.55 1 1
go-crawler/config.go:106.55,108.3 1 1
go-crawler/config.go:109.2,109.40 1 1
go-crawler/config.go:114.44,116.79 2 1
go-crawler/config.go:116.79,118.3 1 1
go-crawler/config.go:119.2,119.25 1 1
go-crawler/daemon.go:66.26,67.40 1 0
go-crawler/daemon.go:67.40,69.3 1 0
go-crawler/daemon.go:70.2,70.47 1 0
go-crawler/daemon.go:70.47,72.3 1 0
go-crawler/daemon.go:73.2,73.15 1 0
go-crawler/daemon.go:76.58,77.17 1 0
go-crawler/daemon.go:78.13,85.9 1 0
go-crawler/daemon.go:86.16,93.9 1 0
go-crawler/daemon.go:94.10,95.76 1 0
go-crawler/daemon.go:99.74,104.2 4 0
go-crawler/daemon.go:106.57,108.16 2 0
go-crawler/daemon.go:108.16,110.3 1 0
go-crawler/daemon.go:113.2,113.31 1 0
go-crawler/daemon.go:113.31,116.3 2 0
go-crawler/daemon.go:118.2,119.16 2 0
go-crawler/daemon.go:119.16,121.3 1 0
go-crawler/daemon.go:123.2,125.51 3 0
go-crawler/daemon.go:125.51,127.3 1 0
go-crawler/daemon.go:129.2,131.16 3 0
go-crawler/daemon.go:131.16,133.3 1 0
go-crawler/daemon.go:134.2,140.36 5 0
go-crawler/daemon.go:140.36,142.3 1 0
go-crawler/daemon.go:144.2,144.66 1 0
go-crawler/daemon.go:144.66,147.3 2 0
go-crawler/daemon.go:149.2,150.32 2 0
go-crawler/daemon.go:150.32,152.3 1 0
go-crawler/daemon.go:154.2,154.107 1 0
go-crawler/daemon.go:157.56,159.16 2 0
go-crawler/daemon.go:159.16,161.3 1 0
go-crawler/daemon.go:163.2,163.32 1 0
go-crawler/daemon.go:163.32,165.3 1 0
go-crawler/daemon.go:167.2,168.16 2 0
go-crawler/daemon.go:168.16,170.3 1 0
go-crawler/daemon.go:172.2,173.16 2 0
go-crawler/daemon.go:173.16,175.3 1 0
go-crawler/daemon.go:177.2,177.56 1 0
go-crawler/daemon.go:177.56,179.3 1 0
go-crawler/daemon.go:181.2,181.26 1 0
go-crawler/daemon.go:181.26,182.29 1 0
go-crawler/daemon.go:182.29,183.9 1 0
go-crawler/daemon.go:185.3,185.37 1 0
go-crawler/daemon.go:188.2,188.27 1 0
go-crawler/daemon.go:188.27,191.3 2 0
go-crawler/daemon.go:193.2,194.68 2 0
go-crawler/daemon.go:197.59,199.16 2 0
go-crawler/daemon.go:199.16,201.3 1 0
go-crawler/daemon.go:203.2,204.31 2 0
go-crawler/daemon.go:204.31,206.17 2 0
go-crawler/daemon.go:206.17,208.4 1 0
go-crawler/daemon.go:209.3,210.30 2 0
go-crawler/daemon.go:211.8,213.3 1 0
go-crawler/daemon.go:215.2,216.16 2 0
go-crawler/daemon.go:216.16,218.3 1 0
go-crawler/daemon.go:219.2,220.39 2 0
go-crawler/daemon.go:223.65,225.16 2 0
go-crawler/daemon.go:225.16,227.3 1 0
go-crawler/daemon.go:229.2,237.16 4 0
go-crawler/daemon.go:237.16,241.3 3 0
go-crawler/daemon.go:243.2,244.28 2 0
go-crawler/daemon.go:244.28,249.3 4 0
go-crawler/daemon.go:251.2,253.21 3 0
go-crawler/daemon.go:256.47,258.16 2 0
go-crawler/daemon.go:258.16,260.3 1 0
go-crawler/daemon.go:262.2,262.22 1 0
go-crawler/daemon.go:262.22,264.27 2 0
go-crawler/daemon.go:264.27,266.4 1 0
go-crawler/daemon.go:267.3,267.13 1 0
go-crawler/daemon.go:270.2,273.52 3 0
go-crawler/daemon.go:273.52,277.59 4 0
go-crawler/daemon.go:277.59,279.4 1 0
go-crawler/daemon.go:282.2,282.12 1 0
go-crawler/daemon.go:285.44,287.16 2 0
go-crawler/daemon.go:287.16,289.3 1 0
go-crawler/daemon.go:290.2,290.30 1 0
go-crawler/daemon.go:293.37,295.16 2 0
go-crawler/daemon.go:295.16,297.3 1 0
go-crawler/daemon.go:298.2,298.49 1 0
go-crawler/daemon.go:301.50,303.16 2 0
go-crawler/daemon.go:303.16,305.3 1 0
go-crawler/daemon.go:307.2,309.16 3 0
go-crawler/daemon.go:309.16,311.3 1 0
go-crawler/daemon.go:313.2,314.16 2 0
go-crawler/daemon.go:314.16,316.3 1 0
go-crawler/daemon.go:318.2,318.17 1 0
go-crawler/daemon.go:321.53,323.16 2 0
go-crawler/daemon.go:323.16,325.3 1 0
go-crawler/daemon.go:327.2,328.79 2 0
go-crawler/daemon.go:328.79,330.3 1 0
go-crawler/daemon.go:331.2,331.12 1 0
go-crawler/daemon.go:334.39,336.16 2 0
go-crawler/daemon.go:336.16,338.3 1 0
go-crawler/daemon.go:339.2,340.24 2 0
go-crawler/daemon.go:343.52,348.2 4 0
go-crawler/daemon.go:351.26,353.16 2 0
go-crawler/daemon.go:353.16,355.3 1 0
go-crawler/daemon.go:356.2,357.12 2 0
go-crawler/daemon.go:360.25,362.16 2 0
go-crawler/daemon.go:362.16,364.3 1 0
go-crawler/daemon.go:365.2,366.12 2 0
go-crawler/daemon.go:369.28,371.16 2 0
go-crawler/daemon.go:371.16,373.3 1 0
go-crawler/daemon.go:374.2,375.12 2 0
go-crawler/daemon.go:378.27,380.2 1 0
go-crawler/daemon.go:382.23,384.2 1 0
go-crawler/daemon.go:386.29,388.2 1 0
go-crawler/daemon.go:390.30,392.2 1 0
go-crawler/daemon.go:394.18,396.2 1 0
go-crawler/downloader.go:65.59,67.20 2 1
go-crawler/downloader.go:67.20,69.3 1 0
go-crawler/downloader.go:71.2,71.31 1 1
go-crawler/downloader.go:71.31,73.3 1 0
go-crawler/downloader.go:75.2,76.59 2 1
go-crawler/downloader.go:76.59,78.3 1 0
go-crawler/downloader.go:80.2,81.51 2 1
go-crawler/downloader.go:81.51,83.3 1 0
go-crawler/downloader.go:84.2,84.21 1 1
go-crawler/downloader.go:89.43,91.2 1 1
go-crawler/downloader.go:97.61,100.50 2 1
go-crawler/downloader.go:100.50,101.18 1 1
go-crawler/downloader.go:101.18,103.4 1 1
go-crawler/downloader.go:106.3,107.17 2 1
go-crawler/downloader.go:107.17,109.12 2 0
go-crawler/downloader.go:113.3,113.39 1 1
go-crawler/downloader.go:113.39,116.12 3 1
go-crawler/downloader.go:120.3,121.17 2 1
go-crawler/downloader.go:121.17,124.12 3 0
go-crawler/downloader.go:128.3,132.17 4 1
go-crawler/downloader.go:132.17,136.12 3 0
go-crawler/downloader.go:139.3,139.13 1 1
go-crawler/downloader.go:142.2,142.16 1 1
go-crawler/downloader.go:150.79,153.2 2 0
go-crawler/downloader.go:156.105,158.2 1 0
go-crawler/downloader.go:162.99,165.16 2 1
go-crawler/downloader.go:165.16,167.3 1 0
go-crawler/downloader.go:170.2,172.31 2 1
go-crawler/downloader.go:172.31,177.3 3 1
go-crawler/downloader.go:177.8,177.41 1 1
go-crawler/downloader.go:177.41,179.38 1 1
go-crawler/downloader.go:179.38,181.65 2 1
go-crawler/downloader.go:181.65,183.5 1 1
go-crawler/downloader.go:183.10,185.5 1 1
go-crawler/downloader.go:186.4,188.69 3 1
go-crawler/downloader.go:190.8,192.38 1 1
go-crawler/downloader.go:192.38,194.32 2 1
go-crawler/downloader.go:194.32,196.5 1 1
go-crawler/downloader.go:196.10,198.5 1 1
go-crawler/downloader.go:199.4,200.69 2 1
go-crawler/downloader.go:205.2,205.79 1 1
go-crawler/downloader.go:205.79,207.3 1 0
go-crawler/downloader.go:210.2,211.29 2 1
go-crawler/downloader.go:211.29,213.3 1 1
go-crawler/downloader.go:215.2,215.23 1 1
go-crawler/downloader.go:220.89,223.52 2 0
go-crawler/downloader.go:223.52,225.3 1 0
go-crawler/downloader.go:227.2,230.37 3 0
go-crawler/downloader.go:230.37,232.64 2 0
go-crawler/downloader.go:232.64,234.4 1 0
go-crawler/downloader.go:234.9,236.4 1 0
go-crawler/downloader.go:238.3,239.31 2 0
go-crawler/downloader.go:239.31,242.4 1 0
go-crawler/downloader.go:242.9,245.4 1 0
go-crawler/downloader.go:247.3,249.42 3 0
go-crawler/downloader.go:253.2,253.79 1 0
go-crawler/downloader.go:253.79,255.3 1 0
go-crawler/downloader.go:257.2,257.23 1 0
go-crawler/downloader.go:264.87,266.21 2 1
go-crawler/downloader.go:266.21,268.3 1 0
go-crawler/downloader.go:269.2,269.23 1 1
go-crawler/downloader.go:269.23,271.3 1 0
go-crawler/downloader.go:273.2,279.29 5 1
go-crawler/downloader.go:279.29,281.27 2 1
go-crawler/downloader.go:281.27,285.17 3 1
go-crawler/downloader.go:285.17,285.32 1 1
go-crawler/downloader.go:287.4,287.68 1 1
go-crawler/downloader.go:287.68,289.5 1 1
go-crawler/downloader.go:293.2,296.23 3 1
go-crawler/downloader.go:296.23,299.3 2 1
go-crawler/downloader.go:301.2,302.27 2 1
go-crawler/downloader.go:302.27,304.3 1 1
go-crawler/downloader.go:306.2,306.22 1 1
go-crawler/downloader.go:306.22,308.3 1 0
go-crawler/downloader.go:310.2,312.15 3 1
go-crawler/downloader.go:312.15,314.3 1 0
go-crawler/downloader.go:315.2,315.29 1 1
go-crawler/downloader.go:315.29,317.18 2 1
go-crawler/downloader.go:317.18,319.4 1 0
go-crawler/downloader.go:322.2,322.25 1 1
go-crawler/downloader.go:322.25,324.3 1 0
go-crawler/downloader.go:326.2,326.82 1 1
go-crawler/downloader.go:331.42,333.47 1 1
go-crawler/downloader.go:333.47,335.3 1 1
go-crawler/downloader.go:337.2,338.15 2 1
go-crawler/downloader.go:338.15,340.3 1 1
go-crawler/downloader.go:341.2,341.12 1 1
go-crawler/fileutil.go:11.45,13.16 2 1
go-crawler/fileutil.go:13.16,15.3 1 1
go-crawler/fileutil.go:16.2,16.32 1 1
go-crawler/fileutil.go:20.63,22.16 2 1
go-crawler/fileutil.go:22.16,24.3 1 0
go-crawler/fileutil.go:25.2,26.54 2 1
go-crawler/fileutil.go:26.54,28.3 1 0
go-crawler/fileutil.go:29.2,29.45 1 1
go-crawler/fileutil.go:29.45,32.3 2 0
go-crawler/fileutil.go:33.2,33.12 1 1
go-crawler/fileutil.go:38.46,41.29 2 1
go-crawler/fileutil.go:41.29,42.58 1 1
go-crawler/fileutil.go:42.58,44.4 1 1
go-crawler/fileutil.go:46.2,46.11 1 1
go-crawler/fileutil.go:49.54,50.21 1 1
go-crawler/fileutil.go:50.21,52.3 1 1
go-crawler/fileutil.go:55.2,56.29 2 1
go-crawler/fileutil.go:56.29,57.42 1 1
go-crawler/fileutil.go:57.42,60.64 2 1
go-crawler/fileutil.go:60.64,62.5 1 1
go-crawler/fileutil.go:65.2,65.11 1 1
go-crawler/main.go:48.13,49.22 1 0
go-crawler/main.go:49.22,52.3 2 0
go-crawler/main.go:54.2,56.17 2 0
go-crawler/main.go:57.15,58.16 1 0
go-crawler/main.go:59.24,60.19 1 0
go-crawler/main.go:61.28,62.22 1 0
go-crawler/main.go:63.13,64.14 1 0
go-crawler/main.go:65.16,66.17 1 0
go-crawler/main.go:67.19,68.19 1 0
go-crawler/main.go:69.36,70.49 1 0
go-crawler/main.go:71.30,72.15 1 0
go-crawler/main.go:73.10,76.13 3 0
go-crawler/main.go:82.19,110.2 27 0
go-crawler/main.go:114.20,119.38 4 0
go-crawler/main.go:119.38,122.3 2 0
go-crawler/main.go:124.2,124.51 1 0
go-crawler/main.go:130.23,132.29 2 0
go-crawler/main.go:132.29,142.3 9 0
go-crawler/main.go:144.2,144.22 1 0
go-crawler/main.go:144.22,147.3 2 0
go-crawler/main.go:149.2,152.26 3 0
go-crawler/main.go:152.26,157.3 4 0
go-crawler/main.go:159.2,160.33 2 0
go-crawler/main.go:160.33,165.3 4 0
go-crawler/main.go:167.2,178.44 9 0
go-crawler/main.go:178.44,182.3 3 0
go-crawler/main.go:184.2,184.60 1 0
go-crawler/main.go:184.60,187.3 2 0
go-crawler/main.go:189.2,190.16 2 0
go-crawler/main.go:190.16,193.3 2 0
go-crawler/main.go:195.2,196.16 2 0
go-crawler/main.go:196.16,199.3 2 0
go-crawler/main.go:201.2,202.75 2 0
go-crawler/main.go:202.75,205.3 2 0
go-crawler/main.go:207.2,209.56 3 0
go-crawler/main.go:214.18,219.16 4 0
go-crawler/main.go:219.16,226.3 6 0
go-crawler/main.go:228.2,229.16 2 0
go-crawler/main.go:229.16,232.3 2 0
go-crawler/main.go:234.2,235.36 2 0
go-crawler/main.go:235.36,237.3 1 0
go-crawler/main.go:237.8,239.3 1 0
go-crawler/main.go:240.2,242.16 2 0
go-crawler/main.go:247.21,252.36 4 0
go-crawler/main.go:252.36,255.3 2 0
go-crawler/main.go:260.26,261.22 1 0
go-crawler/main.go:261.22,265.3 3 0
go-crawler/main.go:267.2,268.20 2 0
go-crawler/main.go:268.20,271.3 2 0
go-crawler/main.go:273.2,280.44 6 0
go-crawler/main.go:280.44,284.3 3 0
go-crawler/main.go:287.2,288.79 2 0
go-crawler/main.go:288.79,290.3 1 0
go-crawler/main.go:293.2,295.16 3 0
go-crawler/main.go:295.16,298.3 2 0
go-crawler/main.go:301.2,302.81 2 0
go-crawler/main.go:302.81,304.3 1 0
go-crawler/main.go:306.2,308.29 2 0
go-crawler/main.go:308.29,311.3 2 0
go-crawler/main.go:313.2,316.47 2 0
go-crawler/main.go:316.47,322.24 5 0
go-crawler/main.go:322.24,324.12 2 0
go-crawler/main.go:327.3,328.19 2 0
go-crawler/main.go:328.19,330.12 2 0
go-crawler/main.go:334.3,344.61 3 0
go-crawler/main.go:347.2,347.81 1 0
go-crawler/monitor.go:33.59,34.24 1 0
go-crawler/monitor.go:34.24,36.3 1 0
go-crawler/monitor.go:38.2,40.35 3 0
go-crawler/monitor.go:40.35,42.21 2 0
go-crawler/monitor.go:42.21,43.12 1 0
go-crawler/monitor.go:45.3,45.42 1 0
go-crawler/monitor.go:45.42,46.12 1 0
go-crawler/monitor.go:48.3,49.44 2 0
go-crawler/monitor.go:52.2,52.19 1 0
go-crawler/monitor.go:56.91,58.16 2 0
go-crawler/monitor.go:58.16,60.3 1 0
go-crawler/monitor.go:62.2,64.19 3 0
go-crawler/monitor.go:64.19,66.3 1 0
go-crawler/monitor.go:67.2,68.15 2 0
go-crawler/monitor.go:68.15,70.3 1 0
go-crawler/monitor.go:72.2,72.38 1 0
go-crawler/monitor.go:76.68,77.58 1 0
go-crawler/monitor.go:77.58,79.3 1 0
go-crawler/monitor.go:80.2,80.63 1 0
go-crawler/monitor.go:84.66,86.16 2 0
go-crawler/monitor.go:86.16,88.3 1 0
go-crawler/monitor.go:90.2,91.22 2 0
go-crawler/monitor.go:97.44,100.12 2 0
go-crawler/monitor.go:100.12,102.17 2 0
go-crawler/monitor.go:102.17,104.4 1 0
go-crawler/monitor.go:106.3,106.7 1 0
go-crawler/monitor.go:106.7,108.11 2 0
go-crawler/monitor.go:109.19,111.19 2 0
go-crawler/monitor.go:111.19,113.6 1 0
go-crawler/monitor.go:114.21,115.22 1 0
go-crawler/monitor.go:115.22,116.13 1 0
go-crawler/monitor.go:117.21,117.21 0 0
go-crawler/monitor.go:118.14,118.14 0 0
go-crawler/monitor.go:121.5,122.11 2 0
go-crawler/monitor.go:129.71,130.24 1 0
go-crawler/monitor.go:130.24,132.3 1 0
go-crawler/monitor.go:133.2,133.36 1 0
go-crawler/monitor.go:133.36,134.57 1 0
go-crawler/monitor.go:134.57,136.4 1 0
go-crawler/monitor.go:140.56,141.24 1 1
go-crawler/monitor.go:141.24,143.3 1 1
go-crawler/monitor.go:144.2,144.21 1 1
go-crawler/monitor.go:149.70,150.27 1 1
go-crawler/monitor.go:150.27,152.3 1 1
go-crawler/monitor.go:154.2,155.35 2 1
go-crawler/monitor.go:155.35,156.27 1 1
go-crawler/monitor.go:156.27,158.4 1 1
go-crawler/monitor.go:161.2,163.35 3 1
go-crawler/monitor.go:163.35,164.27 1 1
go-crawler/monitor.go:164.27,165.12 1 0
go-crawler/monitor.go:167.3,167.48 1 1
go-crawler/monitor.go:167.48,168.12 1 0
go-crawler/monitor.go:170.3,171.54 2 1
go-crawler/monitor.go:171.54,173.4 1 1
go-crawler/monitor.go:176.2,176.22 1 1
go-crawler/monitor.go:185.71,189.16 3 0
go-crawler/monitor.go:189.16,191.3 1 0
go-crawler/monitor.go:193.2,193.44 1 0
go-crawler/monitor.go:193.44,195.3 1 0
go-crawler/monitor.go:197.2,198.79 2 0
go-crawler/monitor.go:198.79,200.3 1 0
go-crawler/monitor.go:202.2,202.69 1 0
go-crawler/monitor.go:202.69,204.3 1 0
go-crawler/monitor.go:206.2,207.62 2 0
go-crawler/monitor.go:207.62,209.3 1 0
go-crawler/monitor.go:210.2,212.27 2 0
go-crawler/monitor.go:212.27,215.3 2 0
go-crawler/monitor.go:217.2,218.29 2 0
go-crawler/monitor.go:218.29,221.3 2 0
go-crawler/monitor.go:223.2,225.47 2 0
go-crawler/monitor.go:225.47,229.25 3 0
go-crawler/monitor.go:229.25,231.12 2 0
go-crawler/monitor.go:234.3,234.58 1 0
go-crawler/monitor.go:234.58,236.4 1 0
go-crawler/monitor.go:239.2,239.12 1 0
go-crawler/monitor.go:243.104,244.58 1 0
go-crawler/monitor.go:244.58,246.3 1 0
go-crawler/monitor.go:248.2,253.33 5 0
go-crawler/monitor.go:253.33,254.32 1 0
go-crawler/monitor.go:254.32,255.71 1 0
go-crawler/monitor.go:255.71,257.5 1 0
go-crawler/monitor.go:257.10,259.5 1 0
go-crawler/monitor.go:266.83,268.16 2 0
go-crawler/monitor.go:268.16,270.3 1 0
go-crawler/monitor.go:271.2,276.13 5 0
go-crawler/monitor.go:277.14,279.22 2 0
go-crawler/monitor.go:280.40,282.22 2 0
go-crawler/monitor.go:283.10,285.25 2 0
go-crawler/monitor.go:288.2,292.19 4 0
go-crawler/monitor.go:292.19,294.3 1 0
go-crawler/monitor.go:296.2,297.16 2 0
go-crawler/monitor.go:297.16,299.3 1 0
go-crawler/monitor.go:300.2,300.44 1 0
go-crawler/monitor.go:300.44,302.3 1 0
go-crawler/monitor.go:303.2,307.16 4 0
go-crawler/monitor.go:307.16,309.3 1 0
go-crawler/monitor.go:310.2,313.16 3 0
go-crawler/monitor.go:313.16,315.3 1 0
go-crawler/monitor.go:316.2,318.38 2 0
go-crawler/monitor.go:318.38,321.3 2 0
go-crawler/monitor.go:323.2,323.12 1 0
go-crawler/scraper_cache.go:23.95,28.54 2 0
go-crawler/scraper_cache.go:28.54,30.3 1 0
go-crawler/scraper_cache.go:33.2,34.16 2 0
go-crawler/scraper_cache.go:34.16,36.3 1 0
go-crawler/scraper_cache.go:38.2,38.25 1 0
go-crawler/scraper_cache.go:38.25,40.3 1 0
go-crawler/scraper_cache.go:43.2,44.33 2 0
go-crawler/scraper_cache.go:44.33,46.15 2 0
go-crawler/scraper_cache.go:46.15,51.4 1 0
go-crawler/scraper_cache.go:56.2,59.59 2 0
go-crawler/scraper_cache.go:59.59,65.3 1 0
go-crawler/scraper_cache.go:67.2,67.37 1 0
go-crawler/scraper_cache.go:70.64,71.42 1 1
go-crawler/scraper_cache.go:71.42,73.3 1 1
go-crawler/scraper_cache.go:75.2,76.30 2 1
go-crawler/scraper_cache.go:76.30,77.27 1 1
go-crawler/scraper_cache.go:77.27,79.4 1 1
go-crawler/scraper_cache.go:82.2,83.32 2 1
go-crawler/scraper_cache.go:83.32,85.3 1 1
go-crawler/scraper_cache.go:87.2,87.36 1 1
go-crawler/scraper_cache.go:87.36,89.15 2 1
go-crawler/scraper_cache.go:89.15,90.12 1 0
go-crawler/scraper_cache.go:92.3,92.34 1 1
go-crawler/scraper_cache.go:92.34,94.4 1 1
go-crawler/scraper_cache.go:97.2,97.14 1 1
go-crawler/scraper_cache.go:100.43,101.22 1 1
go-crawler/scraper_cache.go:101.22,103.3 1 1
go-crawler/scraper_cache.go:104.2,104.19 1 1
go-crawler/scraper_cache.go:104.19,105.39 1 1
go-crawler/scraper_cache.go:105.39,107.4 1 1
go-crawler/scraper_cache.go:109.2,109.13 1 1
go-crawler/scraper_extractor.go:42.80,47.21 3 0
go-crawler/scraper_extractor.go:47.21,49.3 1 0
go-crawler/scraper_extractor.go:50.2,54.16 3 0
go-crawler/scraper_extractor.go:54.16,56.3 1 0
go-crawler/scraper_extractor.go:57.2,74.16 10 0
go-crawler/scraper_extractor.go:74.16,76.3 1 0
go-crawler/scraper_extractor.go:79.2,90.28 10 0
go-crawler/scraper_extractor.go:90.28,91.36 1 0
go-crawler/scraper_extractor.go:91.36,94.29 2 0
go-crawler/scraper_extractor.go:94.29,96.5 1 0
go-crawler/scraper_extractor.go:99.2,99.25 1 0
go-crawler/scraper_extractor.go:99.25,101.3 1 0
go-crawler/scraper_extractor.go:105.2,105.21 1 0
go-crawler/scraper_extractor.go:105.21,108.3 2 0
go-crawler/scraper_extractor.go:108.8,110.3 1 0
go-crawler/scraper_extractor.go:113.2,115.16 3 0
go-crawler/scraper_extractor.go:115.16,117.3 1 0
go-crawler/scraper_extractor.go:118.2,123.54 3 0
go-crawler/scraper_extractor.go:123.54,125.3 1 0
go-crawler/scraper_extractor.go:127.2,127.28 1 0
go-crawler/scraper_extractor.go:127.28,130.25 3 0
go-crawler/scraper_extractor.go:130.25,132.4 1 0
go-crawler/scraper_extractor.go:133.3,133.91 1 0
go-crawler/scraper_extractor.go:137.2,139.71 3 0
go-crawler/scraper_extractor.go:139.71,141.3 1 0
go-crawler/scraper_extractor.go:144.2,145.9 2 0
go-crawler/scraper_extractor.go:145.9,147.3 1 0
go-crawler/scraper_extractor.go:151.2,152.75 2 0
go-crawler/scraper_extractor.go:152.75,155.3 2 0
go-crawler/scraper_extractor.go:155.8,155.78 1 0
go-crawler/scraper_extractor.go:155.78,159.3 2 0
go-crawler/scraper_extractor.go:159.8,161.3 1 0
go-crawler/scraper_extractor.go:164.2,164.45 1 0
go-crawler/scraper_extractor.go:173.76,181.59 2 0
go-crawler/scraper_extractor.go:181.59,184.53 2 0
go-crawler/scraper_extractor.go:184.53,188.4 3 0
go-crawler/scraper_extractor.go:192.2,192.86 1 0
go-crawler/scraper_extractor.go:192.86,193.78 1 0
go-crawler/scraper_extractor.go:193.78,196.31 3 0
go-crawler/scraper_extractor.go:196.31,198.12 2 0
go-crawler/scraper_extractor.go:198.12,199.14 1 0
go-crawler/scraper_extractor.go:201.5,201.65 1 0
go-crawler/scraper_extractor.go:201.65,203.63 1 0
go-crawler/scraper_extractor.go:203.63,204.57 1 0
go-crawler/scraper_extractor.go:204.57,207.16 3 0
go-crawler/scraper_extractor.go:211.6,212.19 2 0
go-crawler/scraper_extractor.go:212.19,215.7 2 0
go-crawler/scraper_extractor.go:218.4,218.25 1 0
go-crawler/scraper_extractor.go:223.2,224.15 2 0
go-crawler/scraper_extractor.go:224.15,228.3 3 0
go-crawler/scraper_extractor.go:230.2,230.53 1 0
go-crawler/scraper_extractor.go:237.58,239.56 1 0
go-crawler/scraper_extractor.go:239.56,241.3 1 0
go-crawler/scraper_extractor.go:244.2,244.104 1 0
go-crawler/scraper_extractor.go:244.104,247.50 2 0
go-crawler/scraper_extractor.go:247.50,249.4 1 0
go-crawler/scraper_extractor.go:252.2,252.11 1 0
go-crawler/scraper_navigator.go:31.65,41.16 4 0
go-crawler/scraper_navigator.go:41.16,43.3 1 0
go-crawler/scraper_navigator.go:45.2,46.12 2 0
go-crawler/scraper_navigator.go:53.67,56.23 1 0
go-crawler/scraper_navigator.go:56.23,58.3 1 0
go-crawler/scraper_navigator.go:60.2,63.35 3 0
go-crawler/scraper_navigator.go:63.35,73.17 4 0
go-crawler/scraper_navigator.go:73.17,75.4 1 0
go-crawler/scraper_navigator.go:78.3,79.45 2 0
go-crawler/scraper_navigator.go:79.45,85.32 4 0
go-crawler/scraper_navigator.go:85.32,88.10 3 0
go-crawler/scraper_navigator.go:92.3,92.14 1 0
go-crawler/scraper_navigator.go:92.14,94.4 1 0
go-crawler/scraper_navigator.go:97.3,97.37 1 0
go-crawler/scraper_navigator.go:100.2,101.12 2 0
go-crawler/scraper_navigator.go:108.69,112.53 2 0
go-crawler/scraper_navigator.go:112.53,114.3 1 0
go-crawler/scraper_navigator.go:117.2,125.16 5 0
go-crawler/scraper_navigator.go:125.16,127.3 1 0
go-crawler/scraper_navigator.go:130.2,131.16 2 0
go-crawler/scraper_navigator.go:131.16,133.3 1 0
go-crawler/scraper_navigator.go:136.2,137.55 2 0
go-crawler/scraper_navigator.go:137.55,139.84 2 0
go-crawler/scraper_navigator.go:139.84,141.36 1 0
go-crawler/scraper_navigator.go:141.36,143.5 1 0
go-crawler/scraper_navigator.go:144.4,144.39 1 0
go-crawler/scraper_navigator.go:149.2,151.33 3 0
go-crawler/scraper_navigator.go:151.33,152.25 1 0
go-crawler/scraper_navigator.go:152.25,155.4 2 0
go-crawler/scraper_navigator.go:158.2,158.26 1 0
go-crawler/scraper_navigator.go:158.26,162.3 2 0
go-crawler/scraper_navigator.go:164.2,166.15 2 0
go-crawler/scraper_navigator.go:166.15,168.3 1 0
go-crawler/scraper_navigator.go:170.2,170.29 1 0
go-crawler/scraper_navigator.go:170.29,172.3 1 0
go-crawler/scraper_navigator.go:174.2,174.33 1 0
go-crawler/scraper_navigator.go:180.75,184.56 2 0
go-crawler/scraper_navigator.go:184.56,186.3 1 0
go-crawler/scraper_navigator.go:189.2,197.16 5 0
go-crawler/scraper_navigator.go:197.16,199.3 1 0
go-crawler/scraper_navigator.go:202.2,203.16 2 0
go-crawler/scraper_navigator.go:203.16,205.3 1 0
go-crawler/scraper_navigator.go:208.2,209.55 2 0
go-crawler/scraper_navigator.go:209.55,211.84 2 0
go-crawler/scraper_navigator.go:211.84,213.36 1 0
go-crawler/scraper_navigator.go:213.36,215.5 1 0
go-crawler/scraper_navigator.go:216.4,216.39 1 0
go-crawler/scraper_navigator.go:221.2,223.33 3 0
go-crawler/scraper_navigator.go:223.33,224.25 1 0
go-crawler/scraper_navigator.go:224.25,227.4 2 0
go-crawler/scraper_navigator.go:230.2,230.26 1 0
go-crawler/scraper_navigator.go:230.26,235.17 3 0
go-crawler/scraper_navigator.go:235.17,238.4 2 0
go-crawler/scraper_navigator.go:241.3,243.62 1 0
go-crawler/scraper_navigator.go:243.62,245.4 1 0
go-crawler/scraper_navigator.go:247.3,247.50 1 0
go-crawler/scraper_navigator.go:250.2,251.24 2 0
go-crawler/setup_telegram_bot.go:28.23,33.16 4 0
go-crawler/setup_telegram_bot.go:33.16,38.3 4 0
go-crawler/setup_telegram_bot.go:40.2,40.63 1 0
go-crawler/setup_telegram_bot.go:40.63,45.3 4 0
go-crawler/setup_telegram_bot.go:47.2,50.34 4 0
go-crawler/setup_telegram_bot.go:50.34,52.3 1 0
go-crawler/setup_telegram_bot.go:53.2,54.69 2 0
go-crawler/setup_telegram_bot.go:58.40,64.16 3 0
go-crawler/setup_telegram_bot.go:64.16,66.3 1 0
go-crawler/setup_telegram_bot.go:68.2,69.16 2 0
go-crawler/setup_telegram_bot.go:69.16,71.3 1 0
go-crawler/setup_telegram_bot.go:72.2,80.54 4 0
go-crawler/setup_telegram_bot.go:80.54,82.3 1 0
go-crawler/setup_telegram_bot.go:83.2,83.16 1 0
go-crawler/setup_telegram_bot.go:83.16,85.3 1 0
go-crawler/setup_telegram_bot.go:87.2,87.12 1 0
go-crawler/setup_telegram_bot.go:91.25,94.34 3 0
go-crawler/setup_telegram_bot.go:94.34,96.3 1 0
go-crawler/setup_telegram_bot.go:97.2,97.119 1 0
go-crawler/telegram_bot.go:68.65,70.16 2 0
go-crawler/telegram_bot.go:70.16,72.3 1 0
go-crawler/telegram_bot.go:74.2,75.43 2 0
go-crawler/telegram_bot.go:75.43,77.3 1 0
go-crawler/telegram_bot.go:79.2,80.41 2 0
go-crawler/telegram_bot.go:80.41,82.3 1 0
go-crawler/telegram_bot.go:84.2,85.32 2 0
go-crawler/telegram_bot.go:85.32,87.3 1 0
go-crawler/telegram_bot.go:89.2,109.16 6 0
go-crawler/telegram_bot.go:113.50,117.6 3 0
go-crawler/telegram_bot.go:117.6,118.10 1 0
go-crawler/telegram_bot.go:119.19,122.45 3 0
go-crawler/telegram_bot.go:122.45,123.51 1 0
go-crawler/telegram_bot.go:123.51,126.6 2 0
go-crawler/telegram_bot.go:128.4,128.27 1 0
go-crawler/telegram_bot.go:129.20,130.10 1 0
go-crawler/telegram_bot.go:140.35,147.15 4 0
go-crawler/telegram_bot.go:147.15,148.31 1 0
go-crawler/telegram_bot.go:148.31,151.4 1 0
go-crawler/telegram_bot.go:154.2,154.30 1 0
go-crawler/telegram_bot.go:154.30,156.10 1 0
go-crawler/telegram_bot.go:156.10,157.17 1 0
go-crawler/telegram_bot.go:157.17,158.33 1 0
go-crawler/telegram_bot.go:158.33,160.6 1 0
go-crawler/telegram_bot.go:163.4,163.35 1 0
go-crawler/telegram_bot.go:163.35,164.56 1 0
go-crawler/telegram_bot.go:164.56,167.6 2 0
go-crawler/telegram_bot.go:168.5,169.11 2 0
go-crawler/telegram_bot.go:172.4,172.29 1 0
go-crawler/telegram_bot.go:172.29,174.5 1 0
go-crawler/telegram_bot.go:176.4,176.49 1 0
go-crawler/telegram_bot.go:176.49,180.5 3 0
go-crawler/telegram_bot.go:182.4,182.34 1 0
go-crawler/telegram_bot.go:182.34,184.5 1 0
go-crawler/telegram_bot.go:184.10,186.5 1 0
go-crawler/telegram_bot.go:192.60,193.31 1 0
go-crawler/telegram_bot.go:193.31,195.3 1 0
go-crawler/telegram_bot.go:196.2,196.32 1 0
go-crawler/telegram_bot.go:200.58,201.29 1 0
go-crawler/telegram_bot.go:201.29,203.3 1 0
go-crawler/telegram_bot.go:204.2,204.30 1 0
go-crawler/telegram_bot.go:208.83,211.16 3 0
go-crawler/telegram_bot.go:211.16,213.3 1 0
go-crawler/telegram_bot.go:214.2,214.16 1 0
go-crawler/telegram_bot.go:218.81,220.45 2 0
go-crawler/telegram_bot.go:220.45,222.3 1 0
go-crawler/telegram_bot.go:226.133,229.45 3 0
go-crawler/telegram_bot.go:229.45,231.3 1 0
go-crawler/telegram_bot.go:236.73,237.41 1 0
go-crawler/telegram_bot.go:237.41,241.3 3 0
go-crawler/telegram_bot.go:242.2,244.12 3 0
go-crawler/telegram_bot.go:246.67,248.52 2 0
go-crawler/telegram_bot.go:248.52,250.57 1 0
go-crawler/telegram_bot.go:250.57,252.4 1 0
go-crawler/telegram_bot.go:257.71,259.54 2 0
go-crawler/telegram_bot.go:259.54,262.3 1 0
go-crawler/telegram_handler_basic.go:24.68,30.17 4 0
go-crawler/telegram_handler_basic.go:31.15,32.26 1 0
go-crawler/telegram_handler_basic.go:33.14,34.25 1 0
go-crawler/telegram_handler_basic.go:35.18,36.35 1 0
go-crawler/telegram_handler_basic.go:37.26,38.37 1 0
go-crawler/telegram_handler_basic.go:39.16,40.27 1 0
go-crawler/telegram_handler_basic.go:41.17,42.28 1 0
go-crawler/telegram_handler_basic.go:43.10,44.108 1 0
go-crawler/telegram_handler_basic.go:48.66,53.2 4 0
go-crawler/telegram_handler_basic.go:55.65,59.37 4 0
go-crawler/telegram_handler_basic.go:59.37,63.3 3 0
go-crawler/telegram_handler_basic.go:63.8,65.3 1 0
go-crawler/telegram_handler_basic.go:66.2,72.39 7 0
go-crawler/telegram_handler_basic.go:77.76,80.9 2 0
go-crawler/telegram_handler_basic.go:81.43,83.48 2 0
go-crawler/telegram_handler_basic.go:84.31,85.41 1 0
go-crawler/telegram_handler_basic.go:86.40,89.22 2 0
go-crawler/telegram_handler_basic.go:89.22,93.4 3 0
go-crawler/telegram_handler_basic.go:94.41,96.22 2 0
go-crawler/telegram_handler_basic.go:96.22,99.35 3 0
go-crawler/telegram_handler_basic.go:99.35,101.5 1 0
go-crawler/telegram_handler_basic.go:103.38,106.51 2 0
go-crawler/telegram_handler_basic.go:107.43,109.44 2 0
go-crawler/telegram_handler_basic.go:110.41,112.44 2 0
go-crawler/telegram_handler_basic.go:113.42,114.28 1 0
go-crawler/telegram_handler_basic.go:115.46,116.35 1 0
go-crawler/telegram_handler_basic.go:117.39,118.38 1 0
go-crawler/telegram_handler_basic.go:119.45,121.52 2 0
go-crawler/telegram_handler_download.go:27.84,28.19 1 0
go-crawler/telegram_handler_download.go:28.19,31.3 2 0
go-crawler/telegram_handler_download.go:33.2,43.35 8 0
go-crawler/telegram_handler_download.go:43.35,46.43 3 0
go-crawler/telegram_handler_download.go:46.43,49.4 2 0
go-crawler/telegram_handler_download.go:52.2,57.44 5 0
go-crawler/telegram_handler_download.go:57.44,59.3 1 0
go-crawler/telegram_handler_download.go:62.101,65.2 2 0
go-crawler/telegram_handler_download.go:68.76,80.44 5 0
go-crawler/telegram_handler_download.go:80.44,82.3 1 0
go-crawler/telegram_handler_download.go:86.104,89.21 2 0
go-crawler/telegram_handler_download.go:89.21,91.3 1 0
go-crawler/telegram_handler_download.go:91.8,91.32 1 0
go-crawler/telegram_handler_download.go:91.32,93.3 1 0
go-crawler/telegram_handler_download.go:96.77,124.44 9 0
go-crawler/telegram_handler_download.go:124.44,126.3 1 0
go-crawler/telegram_handler_download.go:130.81,136.31 3 0
go-crawler/telegram_handler_download.go:136.31,137.32 1 0
go-crawler/telegram_handler_download.go:137.32,138.12 1 0
go-crawler/telegram_handler_download.go:140.3,140.38 1 0
go-crawler/telegram_handler_download.go:144.2,144.44 1 0
go-crawler/telegram_handler_download.go:144.44,146.65 1 0
go-crawler/telegram_handler_download.go:146.65,148.4 1 0
go-crawler/telegram_handler_download.go:149.3,149.34 1 0
go-crawler/telegram_handler_download.go:149.34,151.4 1 0
go-crawler/telegram_handler_download.go:152.3,152.34 1 0
go-crawler/telegram_handler_download.go:152.34,154.4 1 0
go-crawler/telegram_handler_download.go:155.3,155.57 1 0
go-crawler/telegram_handler_download.go:159.2,159.26 1 0
go-crawler/telegram_handler_download.go:159.26,161.3 1 0
go-crawler/telegram_handler_download.go:164.2,167.25 2 0
go-crawler/telegram_handler_download.go:167.25,169.3 1 0
go-crawler/telegram_handler_download.go:172.2,172.54 1 0
go-crawler/telegram_handler_download.go:176.110,178.38 1 0
go-crawler/telegram_handler_download.go:178.38,180.23 2 0
go-crawler/telegram_handler_download.go:180.23,182.4 1 0
go-crawler/telegram_handler_download.go:183.3,186.30 3 0
go-crawler/telegram_handler_download.go:186.30,189.11 3 0
go-crawler/telegram_handler_download.go:189.11,190.13 1 0
go-crawler/telegram_handler_download.go:194.4,197.26 2 0
go-crawler/telegram_handler_download.go:197.26,199.5 1 0
go-crawler/telegram_handler_download.go:199.10,201.5 1 0
go-crawler/telegram_handler_download.go:203.4,203.42 1 0
go-crawler/telegram_handler_download.go:207.3,207.26 1 0
go-crawler/telegram_handler_download.go:207.26,209.56 2 0
go-crawler/telegram_handler_download.go:209.56,211.5 1 0
go-crawler/telegram_handler_download.go:212.4,212.38 1 0
go-crawler/telegram_handler_download.go:218.100,223.29 3 0
go-crawler/telegram_handler_download.go:223.29,226.22 2 0
go-crawler/telegram_handler_download.go:226.22,227.12 1 0
go-crawler/telegram_handler_download.go:231.3,232.25 2 0
go-crawler/telegram_handler_download.go:232.25,234.4 1 0
go-crawler/telegram_handler_download.go:236.3,238.10 3 0
go-crawler/telegram_handler_download.go:242.2,243.16 2 0
go-crawler/telegram_handler_download.go:243.16,245.3 1 0
go-crawler/telegram_handler_download.go:245.8,245.30 1 0
go-crawler/telegram_handler_download.go:245.30,247.3 1 0
go-crawler/telegram_handler_download.go:247.8,249.3 1 0
go-crawler/telegram_handler_download.go:251.2,252.19 2 0
go-crawler/telegram_handler_download.go:252.19,254.3 1 0
go-crawler/telegram_handler_download.go:255.2,255.44 1 0
go-crawler/telegram_handler_download.go:255.44,257.3 1 0
go-crawler/telegram_handler_download.go:261.104,267.2 2 0
go-crawler/telegram_handler_download.go:269.114,281.2 6 0
go-crawler/telegram_handler_download.go:283.97,297.44 10 0
go-crawler/telegram_handler_download.go:297.44,299.3 1 0
go-crawler/telegram_handler_download.go:302.87,316.44 10 0
go-crawler/telegram_handler_download.go:316.44,318.3 1 0
go-crawler/telegram_handler_download.go:321.74,329.2 6 0
go-crawler/telegram_handler_download.go:331.68,338.13 5 0
go-crawler/telegram_handler_download.go:338.13,340.3 1 0
go-crawler/telegram_handler_download.go:342.2,342.51 1 0
go-crawler/telegram_handler_download.go:342.51,348.3 5 0
go-crawler/telegram_handler_download.go:350.2,350.42 1 0
go-crawler/telegram_handler_download.go:350.42,352.18 2 0
go-crawler/telegram_handler_download.go:352.18,355.4 2 0
go-crawler/telegram_handler_download.go:357.3,361.54 4 0
go-crawler/telegram_handler_download.go:361.54,363.4 1 0
go-crawler/telegram_handler_download.go:363.9,365.4 1 0
go-crawler/telegram_handler_download.go:366.3,367.9 2 0
go-crawler/telegram_handler_download.go:370.2,370.37 1 0
go-crawler/telegram_handler_download.go:370.37,372.21 2 0
go-crawler/telegram_handler_download.go:372.21,375.4 2 0
go-crawler/telegram_handler_download.go:377.3,382.9 5 0
go-crawler/telegram_handler_download.go:385.2,385.35 1 0
go-crawler/telegram_handler_download.go:385.35,387.34 2 0
go-crawler/telegram_handler_download.go:387.34,390.4 2 0
go-crawler/telegram_handler_download.go:392.3,396.65 4 0
go-crawler/telegram_handler_download.go:401.97,407.2 2 0
go-crawler/telegram_handler_favorites.go:25.77,26.38 1 0
go-crawler/telegram_handler_favorites.go:26.38,29.3 2 0
go-crawler/telegram_handler_favorites.go:30.2,30.39 1 0
go-crawler/telegram_handler_favorites.go:34.59,41.24 6 0
go-crawler/telegram_handler_favorites.go:41.24,43.3 1 0
go-crawler/telegram_handler_favorites.go:43.8,45.30 2 0
go-crawler/telegram_handler_favorites.go:45.30,47.4 1 0
go-crawler/telegram_handler_favorites.go:50.2,51.29 2 0
go-crawler/telegram_handler_favorites.go:51.29,54.3 2 0
go-crawler/telegram_handler_favorites.go:55.2,60.44 5 0
go-crawler/telegram_handler_favorites.go:60.44,62.3 1 0
go-crawler/telegram_handler_favorites.go:66.84,67.39 1 0
go-crawler/telegram_handler_favorites.go:67.39,70.3 2 0
go-crawler/telegram_handler_favorites.go:72.2,73.9 2 0
go-crawler/telegram_handler_favorites.go:74.42,77.59 3 0
go-crawler/telegram_handler_favorites.go:77.59,80.4 2 0
go-crawler/telegram_handler_favorites.go:81.3,82.30 2 0
go-crawler/telegram_handler_favorites.go:82.30,84.4 1 0
go-crawler/telegram_handler_favorites.go:85.3,85.31 1 0
go-crawler/telegram_handler_favorites.go:87.25,95.30 7 0
go-crawler/telegram_handler_favorites.go:95.30,97.4 1 0
go-crawler/telegram_handler_favorites.go:98.3,100.45 3 0
go-crawler/telegram_handler_favorites.go:100.45,102.4 1 0
go-crawler/telegram_handler_favorites.go:107.68,111.40 3 0
go-crawler/telegram_handler_favorites.go:111.40,112.19 1 0
go-crawler/telegram_handler_favorites.go:112.19,114.4 1 0
go-crawler/telegram_handler_favorites.go:116.2,117.30 2 0
go-crawler/telegram_handler_favorites.go:121.71,127.40 5 0
go-crawler/telegram_handler_favorites.go:127.40,128.19 1 0
go-crawler/telegram_handler_favorites.go:128.19,130.12 2 0
go-crawler/telegram_handler_favorites.go:132.3,132.33 1 0
go-crawler/telegram_handler_favorites.go:134.2,134.12 1 0
go-crawler/telegram_handler_favorites.go:134.12,136.3 1 0
go-crawler/telegram_handler_favorites.go:137.2,138.30 2 0
go-crawler/telegram_handler_favorites.go:143.52,145.16 2 0
go-crawler/telegram_handler_favorites.go:145.16,147.3 1 0
go-crawler/telegram_handler_favorites.go:148.2,149.42 2 0
go-crawler/telegram_handler_monitor.go:24.68,25.38 1 0
go-crawler/telegram_handler_monitor.go:25.38,28.3 2 0
go-crawler/telegram_handler_monitor.go:30.2,31.52 2 0
go-crawler/telegram_handler_monitor.go:31.52,35.3 2 0
go-crawler/telegram_handler_monitor.go:37.2,39.50 3 0
go-crawler/telegram_handler_monitor.go:39.50,41.61 2 0
go-crawler/telegram_handler_monitor.go:41.61,43.4 1 0
go-crawler/telegram_handler_monitor.go:43.9,46.38 3 0
go-crawler/telegram_handler_monitor.go:46.38,48.5 1 0
go-crawler/telegram_handler_monitor.go:49.4,49.102 1 0
go-crawler/telegram_handler_monitor.go:51.3,55.60 2 0
go-crawler/telegram_handler_monitor.go:58.2,59.19 2 0
go-crawler/telegram_handler_monitor.go:59.19,61.3 1 0
go-crawler/telegram_handler_monitor.go:62.2,62.44 1 0
go-crawler/telegram_handler_monitor.go:62.44,64.3 1 0
go-crawler/telegram_handler_monitor.go:68.105,69.39 1 0
go-crawler/telegram_handler_monitor.go:69.39,72.3 2 0
go-crawler/telegram_handler_monitor.go:74.2,77.29 3 0
go-crawler/telegram_handler_monitor.go:77.29,79.3 1 0
go-crawler/telegram_handler_monitor.go:82.2,82.45 1 0
go-crawler/telegram_handler_monitor.go:86.78,90.16 3 0
go-crawler/telegram_handler_monitor.go:90.16,93.3 2 0
go-crawler/telegram_handler_monitor.go:95.2,95.36 1 0
go-crawler/telegram_handler_monitor.go:95.36,98.3 2 0
go-crawler/telegram_handler_monitor.go:101.2,104.25 4 0
go-crawler/telegram_handler_monitor.go:104.25,106.3 1 0
go-crawler/telegram_handler_monitor.go:108.2,108.24 1 0
go-crawler/telegram_handler_monitor.go:108.24,111.3 1 0
go-crawler/telegram_handler_monitor.go:111.8,114.3 1 0
go-crawler/telegram_handler_monitor.go:116.2,116.33 1 0
go-crawler/telegram_handler_monitor.go:116.33,119.35 3 0
go-crawler/telegram_handler_monitor.go:119.35,121.4 1 0
go-crawler/telegram_handler_monitor.go:122.3,122.22 1 0
go-crawler/telegram_handler_monitor.go:122.22,123.12 1 0
go-crawler/telegram_handler_monitor.go:126.3,129.34 3 0
go-crawler/telegram_handler_monitor.go:129.34,130.43 1 0
go-crawler/telegram_handler_monitor.go:130.43,132.5 1 0
go-crawler/telegram_handler_monitor.go:132.10,134.5 1 0
go-crawler/telegram_handler_monitor.go:135.4,135.56 1 0
go-crawler/telegram_handler_monitor.go:135.56,138.5 2 0
go-crawler/telegram_handler_monitor.go:142.2,142.24 1 0
go-crawler/telegram_handler_monitor.go:142.24,144.3 1 0
go-crawler/telegram_handler_monitor.go:144.8,146.3 1 0
go-crawler/telegram_handler_status.go:23.67,30.16 6 0
go-crawler/telegram_handler_status.go:30.16,31.22 1 0
go-crawler/telegram_handler_status.go:31.22,33.4 1 0
go-crawler/telegram_handler_status.go:33.9,35.4 1 0
go-crawler/telegram_handler_status.go:38.2,41.37 2 0
go-crawler/telegram_handler_status.go:41.37,45.45 4 0
go-crawler/telegram_handler_status.go:45.45,47.4 1 0
go-crawler/telegram_handler_status.go:48.3,48.9 1 0
go-crawler/telegram_handler_status.go:51.2,51.39 1 0
go-crawler/telegram_handler_status.go:56.81,57.39 1 0
go-crawler/telegram_handler_status.go:57.39,60.3 2 0
go-crawler/telegram_handler_status.go:62.2,69.16 5 0
go-crawler/telegram_handler_status.go:70.15,71.45 1 0
go-crawler/telegram_handler_status.go:72.14,73.44 1 0
go-crawler/telegram_handler_status.go:74.17,75.47 1 0
go-crawler/telegram_handler_status.go:76.16,77.41 1 0
go-crawler/telegram_handler_status.go:78.10,79.53 1 0
go-crawler/telegram_handler_status.go:82.2,82.16 1 0
go-crawler/telegram_handler_status.go:82.16,84.3 1 0
go-crawler/telegram_handler_status.go:84.8,86.3 1 0
go-crawler/telegram_handler_status.go:88.2,88.29 1 0
go-crawler/telegram_handler_status.go:88.29,90.3 1 0
go-crawler/telegram_handler_status.go:90.8,92.3 1 0
go-crawler/telegram_handler_status.go:94.2,94.124 1 0
go-crawler/telegram_handler_status.go:97.65,99.16 2 0
go-crawler/telegram_handler_status.go:99.16,101.3 1 0
go-crawler/telegram_handler_status.go:103.2,103.22 1 0
go-crawler/telegram_handler_status.go:103.22,105.3 1 0
go-crawler/telegram_handler_status.go:107.2,109.14 3 0
go-crawler/telegram_handler_status.go:109.14,111.3 1 0
go-crawler/telegram_handler_status.go:113.2,113.114 1 0
go-crawler/telegram_handler_status.go:116.81,126.2 3 0
go-crawler/telegram_worker.go:29.52,31.16 2 0
go-crawler/telegram_worker.go:31.16,33.3 1 0
go-crawler/telegram_worker.go:34.2,35.41 2 0
go-crawler/telegram_worker.go:38.89,43.16 3 0
go-crawler/telegram_worker.go:43.16,46.3 2 0
go-crawler/telegram_worker.go:47.2,47.22 1 0
go-crawler/telegram_worker.go:47.22,50.3 2 0
go-crawler/telegram_worker.go:53.2,59.16 5 0
go-crawler/telegram_worker.go:59.16,62.3 2 0
go-crawler/telegram_worker.go:64.2,67.33 2 0
go-crawler/telegram_worker.go:67.33,69.42 1 0
go-crawler/telegram_worker.go:69.42,71.4 1 0
go-crawler/telegram_worker.go:71.9,73.4 1 0
go-crawler/telegram_worker.go:75.3,75.55 1 0
go-crawler/telegram_worker.go:75.55,78.4 2 0
go-crawler/telegram_worker.go:81.2,81.94 1 0
go-crawler/telegram_worker.go:85.86,89.16 3 0
go-crawler/telegram_worker.go:89.16,92.3 2 0
go-crawler/telegram_worker.go:93.2,93.22 1 0
go-crawler/telegram_worker.go:93.22,96.3 2 0
go-crawler/telegram_worker.go:99.2,105.16 5 0
go-crawler/telegram_worker.go:105.16,108.3 2 0
go-crawler/telegram_worker.go:110.2,113.33 2 0
go-crawler/telegram_worker.go:113.33,115.42 1 0
go-crawler/telegram_worker.go:115.42,117.4 1 0
go-crawler/telegram_worker.go:117.9,119.4 1 0
go-crawler/telegram_worker.go:121.3,121.55 1 0
go-crawler/telegram_worker.go:121.55,124.4 2 0
go-crawler/telegram_worker.go:127.2,127.94 1 0
go-crawler/telegram_worker.go:132.99,135.16 3 0
go-crawler/telegram_worker.go:135.16,137.3 1 0
go-crawler/telegram_worker.go:139.2,140.16 2 0
go-crawler/telegram_worker.go:140.16,142.3 1 0
go-crawler/telegram_worker.go:143.2,146.16 3 0
go-crawler/telegram_worker.go:146.16,148.3 1 0
go-crawler/telegram_worker.go:150.2,151.58 2 0
go-crawler/telegram_worker.go:151.58,153.3 1 0
go-crawler/telegram_worker.go:155.2,155.57 1 0
go-crawler/telegram_worker.go:155.57,156.27 1 0
go-crawler/telegram_worker.go:156.27,158.4 1 0
go-crawler/telegram_worker.go:159.3,159.47 1 0
go-crawler/telegram_worker.go:162.2,162.32 1 0
go-crawler/telegram_worker.go:162.32,164.3 1 0
go-crawler/telegram_worker.go:166.2,166.30 1 0
go-crawler/telegram_worker.go:170.96,173.16 3 0
go-crawler/telegram_worker.go:173.16,175.3 1 0
go-crawler/telegram_worker.go:177.2,178.16 2 0
go-crawler/telegram_worker.go:178.16,180.3 1 0
go-crawler/telegram_worker.go:181.2,184.16 3 0
go-crawler/telegram_worker.go:184.16,186.3 1 0
go-crawler/telegram_worker.go:188.2,189.58 2 0
go-crawler/telegram_worker.go:189.58,191.3 1 0
go-crawler/telegram_worker.go:193.2,193.57 1 0
go-crawler/telegram_worker.go:193.57,194.27 1 0
go-crawler/telegram_worker.go:194.27,196.4 1 0
go-crawler/telegram_worker.go:197.3,197.47 1 0
go-crawler/telegram_worker.go:200.2,200.32 1 0
go-crawler/telegram_worker.go:200.32,202.3 1 0
go-crawler/telegram_worker.go:204.2,204.30 1 0
go-crawler/telegram_worker.go:208.93,212.16 3 0
go-crawler/telegram_worker.go:212.16,215.3 2 0
go-crawler/telegram_worker.go:217.2,217.59 1 0
go-crawler/telegram_worker.go:217.59,222.3 4 0
go-crawler/telegram_worker.go:224.2,228.42 2 0
go-crawler/telegram_worker.go:228.42,230.35 2 0
go-crawler/telegram_worker.go:230.35,232.4 1 0
go-crawler/telegram_worker.go:233.3,233.22 1 0
go-crawler/telegram_worker.go:233.22,234.12 1 0
go-crawler/telegram_worker.go:237.3,240.34 3 0
go-crawler/telegram_worker.go:240.34,241.43 1 0
go-crawler/telegram_worker.go:241.43,243.5 1 0
go-crawler/telegram_worker.go:243.10,245.5 1 0
go-crawler/telegram_worker.go:246.4,246.56 1 0
go-crawler/telegram_worker.go:246.56,249.5 2 0
go-crawler/telegram_worker.go:253.2,256.41 3 0
go-crawler/telegram_worker.go:260.99,267.16 4 0
go-crawler/telegram_worker.go:267.16,269.3 1 0
go-crawler/telegram_worker.go:271.2,272.16 2 0
go-crawler/telegram_worker.go:272.16,274.3 1 0
go-crawler/telegram_worker.go:275.2,278.16 3 0
go-crawler/telegram_worker.go:278.16,280.3 1 0
go-crawler/telegram_worker.go:282.2,283.58 2 0
go-crawler/telegram_worker.go:283.58,285.3 1 0
go-crawler/telegram_worker.go:287.2,287.57 1 0
go-crawler/telegram_worker.go:287.57,288.27 1 0
go-crawler/telegram_worker.go:288.27,290.4 1 0
go-crawler/telegram_worker.go:291.3,291.47 1 0
go-crawler/telegram_worker.go:294.2,294.21 1 0
go-crawler/telegram_worker.go:298.101,305.16 4 0
go-crawler/telegram_worker.go:305.16,307.3 1 0
go-crawler/telegram_worker.go:309.2,310.16 2 0
go-crawler/telegram_worker.go:310.16,312.3 1 0
go-crawler/telegram_worker.go:313.2,316.16 3 0
go-crawler/telegram_worker.go:316.16,318.3 1 0
go-crawler/telegram_worker.go:320.2,321.58 2 0
go-crawler/telegram_worker.go:321.58,323.3 1 0
go-crawler/telegram_worker.go:325.2,325.57 1 0
go-crawler/telegram_worker.go:325.57,326.27 1 0
go-crawler/telegram_worker.go:326.27,328.4 1 0
go-crawler/telegram_worker.go:329.3,329.47 1 0
go-crawler/telegram_worker.go:332.2,332.21 1 0
go-crawler/thumbnail.go:27.92,30.19 2 0
go-crawler/thumbnail.go:30.19,32.3 1 0
go-crawler/thumbnail.go:32.8,34.3 1 0
go-crawler/thumbnail.go:37.2,37.50 1 0
go-crawler/thumbnail.go:37.50,39.3 1 0
go-crawler/thumbnail.go:42.2,43.9 2 0
go-crawler/thumbnail.go:43.9,45.3 1 0
go-crawler/thumbnail.go:48.2,51.19 4 0
go-crawler/thumbnail.go:51.19,54.17 2 0
go-crawler/thumbnail.go:54.17,56.4 1 0
go-crawler/thumbnail.go:57.8,60.17 2 0
go-crawler/thumbnail.go:60.17,62.4 1 0
go-crawler/thumbnail.go:66.2,69.19 2 0
go-crawler/thumbnail.go:69.19,71.3 1 0
go-crawler/thumbnail.go:71.8,73.3 1 0
go-crawler/thumbnail.go:76.2,77.16 2 0
go-crawler/thumbnail.go:77.16,79.3 1 0
go-crawler/thumbnail.go:81.2,81.27 1 0
go-crawler/thumbnail.go:85.87,91.29 5 0
go-crawler/thumbnail.go:91.29,93.29 2 0
go-crawler/thumbnail.go:93.29,96.17 3 0
go-crawler/thumbnail.go:96.17,96.32 1 0
go-crawler/thumbnail.go:98.4,99.23 2 0
go-crawler/thumbnail.go:99.23,101.5 1 0
go-crawler/thumbnail.go:103.4,104.18 2 0
go-crawler/thumbnail.go:104.18,107.5 2 0
go-crawler/thumbnail.go:109.4,111.15 3 0
go-crawler/thumbnail.go:115.2,116.16 2 0
go-crawler/thumbnail.go:120.54,124.29 2 0
go-crawler/thumbnail.go:124.29,126.55 2 0
go-crawler/thumbnail.go:126.55,128.4 1 0
go-crawler/thumbnail.go:130.3,130.39 1 0
go-crawler/thumbnail.go:130.39,132.4 1 0
go-crawler/thumbnail.go:136.2,136.21 1 0
go-crawler/thumbnail.go:136.21,138.3 1 0
go-crawler/thumbnail.go:140.2,140.18 1 0
go-crawler/thumbnail.go:144.59,147.2 1 0
go-crawler/thumbnail.go:150.66,158.17 5 0
go-crawler/thumbnail.go:158.17,160.3 1 0
go-crawler/thumbnail.go:161.2,172.17 6 0
go-crawler/thumbnail.go:172.17,174.3 1 0
go-crawler/thumbnail.go:176.2,176.13 1 0
go-crawler/thumbnail.go:180.77,196.30 4 0
go-crawler/thumbnail.go:196.30,197.31 1 0
go-crawler/thumbnail.go:197.31,198.26 1 0
go-crawler/thumbnail.go:198.26,199.13 1 0
go-crawler/thumbnail.go:201.4,206.22 3 0
go-crawler/thumbnail.go:211.2,213.20 3 0
go-crawler/thumbnail.go:217.63,218.48 1 0
go-crawler/thumbnail.go:218.48,220.3 1 0
go-crawler/thumbnail.go:223.2,224.16 2 0
go-crawler/thumbnail.go:224.16,226.3 1 0
go-crawler/thumbnail.go:227.2,240.53 5 0
go-crawler/thumbnail.go:240.53,242.3 1 0
go-crawler/thumbnail.go:244.2,245.16 2 0
go-crawler/thumbnail.go:245.16,247.3 1 0
go-crawler/thumbnail.go:249.2,249.17 1 0
go-crawler/thumbnail.go:257.36,258.28 1 0
go-crawler/thumbnail.go:258.28,259.52 1 0
go-crawler/thumbnail.go:259.52,261.4 1 0
go-crawler/thumbnail.go:263.2,263.23 1 0
go-crawler/worker_handlers.go:62.78,68.2 1 0
go-crawler/worker_handlers.go:72.80,77.33 3 0
go-crawler/worker_handlers.go:77.33,80.3 2 0
go-crawler/worker_handlers.go:82.2,85.61 3 0
go-crawler/worker_handlers.go:85.61,88.3 2 0
go-crawler/worker_handlers.go:91.2,91.20 1 0
go-crawler/worker_handlers.go:91.20,93.3 1 0
go-crawler/worker_handlers.go:96.2,96.25 1 0
go-crawler/worker_handlers.go:96.25,98.25 2 0
go-crawler/worker_handlers.go:98.25,101.4 2 0
go-crawler/worker_handlers.go:102.3,102.24 1 0
go-crawler/worker_handlers.go:102.24,105.4 2 0
go-crawler/worker_handlers.go:106.3,106.104 1 0
go-crawler/worker_handlers.go:107.8,107.36 1 0
go-crawler/worker_handlers.go:107.36,109.26 2 0
go-crawler/worker_handlers.go:109.26,112.4 2 0
go-crawler/worker_handlers.go:113.3,113.85 1 0
go-crawler/worker_handlers.go:114.8,117.3 2 0
go-crawler/worker_handlers.go:119.2,120.16 2 0
go-crawler/worker_handlers.go:120.16,122.56 1 0
go-crawler/worker_handlers.go:122.56,124.4 1 0
go-crawler/worker_handlers.go:126.3,128.9 3 0
go-crawler/worker_handlers.go:131.2,135.4 1 0
go-crawler/worker_handlers.go:139.86,140.29 1 0
go-crawler/worker_handlers.go:140.29,142.3 1 0
go-crawler/worker_handlers.go:143.2,143.56 1 0
go-crawler/worker_handlers.go:153.81,156.56 2 0
go-crawler/worker_handlers.go:156.56,159.3 2 0
go-crawler/worker_handlers.go:161.2,164.56 3 0
go-crawler/worker_handlers.go:164.56,171.3 2 0
go-crawler/worker_handlers.go:171.8,176.17 4 0
go-crawler/worker_handlers.go:176.17,178.4 1 0
go-crawler/worker_handlers.go:180.3,181.17 2 0
go-crawler/worker_handlers.go:181.17,183.4 1 0
go-crawler/worker_handlers.go:186.3,191.50 2 0
go-crawler/worker_handlers.go:195.2,197.16 3 0
go-crawler/worker_handlers.go:197.16,199.3 1 0
go-crawler/worker_handlers.go:202.2,208.19 3 0
go-crawler/worker_handlers.go:217.91,223.55 4 0
go-crawler/worker_handlers.go:223.55,225.41 2 0
go-crawler/worker_handlers.go:225.41,226.31 1 0
go-crawler/worker_handlers.go:226.31,228.10 2 0
go-crawler/worker_handlers.go:232.3,232.59 1 0
go-crawler/worker_handlers.go:232.59,235.4 2 0
go-crawler/worker_handlers.go:235.9,235.29 1 0
go-crawler/worker_handlers.go:235.29,238.4 2 0
go-crawler/worker_handlers.go:239.8,241.3 1 0
go-crawler/worker_handlers.go:243.2,243.36 1 0
go-crawler/worker_handlers.go:243.36,247.17 3 0
go-crawler/worker_handlers.go:247.17,249.4 1 0
go-crawler/worker_handlers.go:251.3,251.45 1 0
go-crawler/worker_handlers.go:251.45,253.4 1 0
go-crawler/worker_handlers.go:255.3,255.55 1 0
go-crawler/worker_handlers.go:255.55,257.4 1 0
go-crawler/worker_handlers.go:260.3,261.17 2 0
go-crawler/worker_handlers.go:261.17,263.4 1 0
go-crawler/worker_handlers.go:266.3,267.34 2 0
go-crawler/worker_handlers.go:267.34,269.16 2 0
go-crawler/worker_handlers.go:269.16,274.5 1 0
go-crawler/worker_handlers.go:277.3,285.30 3 0
go-crawler/worker_handlers.go:285.30,286.31 1 0
go-crawler/worker_handlers.go:286.31,288.10 2 0
go-crawler/worker_handlers.go:292.3,292.22 1 0
go-crawler/worker_handlers.go:292.22,294.4 1 0
go-crawler/worker_handlers.go:297.2,301.16 3 0
go-crawler/worker_handlers.go:301.16,303.3 1 0
go-crawler/worker_handlers.go:306.2,306.77 1 0
go-crawler/worker_handlers.go:306.77,310.3 3 0
go-crawler/worker_handlers.go:312.2,312.19 1 0
go-crawler/worker_handlers.go:317.83,321.33 3 0
go-crawler/worker_handlers.go:321.33,327.3 2 0
go-crawler/worker_handlers.go:329.2,336.61 4 0
go-crawler/worker_handlers.go:336.61,342.3 2 0
go-crawler/worker_handlers.go:344.2,345.24 2 0
go-crawler/worker_handlers.go:345.24,351.3 2 0
go-crawler/worker_handlers.go:353.2,356.16 3 0
go-crawler/worker_handlers.go:356.16,363.3 3 0
go-crawler/worker_handlers.go:365.2,365.37 1 0
go-crawler/worker_handlers.go:374.89,378.16 3 0
go-crawler/worker_handlers.go:378.16,380.3 1 0
go-crawler/worker_handlers.go:382.2,382.44 1 0
go-crawler/worker_handlers.go:382.44,384.3 1 0
go-crawler/worker_handlers.go:387.2,388.79 2 0
go-crawler/worker_handlers.go:388.79,390.3 1 0
go-crawler/worker_handlers.go:393.2,394.16 2 0
go-crawler/worker_handlers.go:394.16,396.3 1 0
go-crawler/worker_handlers.go:399.2,400.81 2 0
go-crawler/worker_handlers.go:400.81,402.3 1 0
go-crawler/worker_handlers.go:404.2,406.29 2 0
go-crawler/worker_handlers.go:406.29,412.3 2 0
go-crawler/worker_handlers.go:414.2,419.47 4 0
go-crawler/worker_handlers.go:419.47,422.19 3 0
go-crawler/worker_handlers.go:422.19,424.12 2 0
go-crawler/worker_handlers.go:426.3,428.72 3 0
go-crawler/worker_handlers.go:431.2,437.8 1 0
go-crawler/worker_handlers.go:441.84,445.33 3 0
go-crawler/worker_handlers.go:445.33,451.3 2 0
go-crawler/worker_handlers.go:453.2,460.61 4 0
go-crawler/worker_handlers.go:460.61,465.3 2 0
go-crawler/worker_handlers.go:466.2,467.24 2 0
go-crawler/worker_handlers.go:467.24,472.3 2 0
go-crawler/worker_handlers.go:474.2,477.16 3 0
go-crawler/worker_handlers.go:477.16,482.3 2 0
go-crawler/worker_handlers.go:483.2,484.15 2 0
go-crawler/worker_handlers.go:484.15,486.3 1 0
go-crawler/worker_handlers.go:488.2,489.19 2 0
go-crawler/worker_handlers.go:489.19,494.3 2 0
go-crawler/worker_handlers.go:495.2,495.54 1 0
go-crawler/worker_handlers.go:495.54,500.3 2 0
go-crawler/worker_handlers.go:503.2,504.83 2 0
go-crawler/worker_handlers.go:504.83,506.3 1 0
go-crawler/worker_handlers.go:509.2,509.73 1 0
go-crawler/worker_handlers.go:509.73,514.3 2 0
go-crawler/worker_handlers.go:516.2,517.31 2 0
go-crawler/worker_handlers.go:517.31,520.3 2 0
go-crawler/worker_handlers.go:521.2,524.27 2 0
go-crawler/worker_handlers.go:524.27,527.3 2 0
go-crawler/worker_handlers.go:529.2,530.29 2 0
go-crawler/worker_handlers.go:530.29,533.3 2 0
go-crawler/worker_handlers.go:535.2,537.47 3 0
go-crawler/worker_handlers.go:537.47,540.19 3 0
go-crawler/worker_handlers.go:540.19,542.12 2 0
go-crawler/worker_handlers.go:544.3,545.45 2 0
go-crawler/worker_handlers.go:548.2,552.4 1 0
go-crawler/worker_handlers.go:556.64,560.2 3 0
go-crawler/worker_server.go:58.35,59.79 1 0
go-crawler/worker_server.go:59.79,61.3 1 0
go-crawler/worker_server.go:63.2,63.55 1 0
go-crawler/worker_server.go:63.55,65.3 1 0
go-crawler/worker_server.go:67.2,67.32 1 0
go-crawler/worker_server.go:74.38,81.55 3 0
go-crawler/worker_server.go:81.55,83.3 1 0
go-crawler/worker_server.go:85.2,98.11 6 0
go-crawler/worker_server.go:103.39,106.82 3 0
go-crawler/worker_server.go:106.82,108.3 1 0
go-crawler/worker_server.go:109.2,109.12 1 0
go-crawler/worker_server.go:116.61,120.9 2 0
go-crawler/worker_server.go:121.19,121.19 0 0
go-crawler/worker_server.go:123.10,124.19 1 0
go-crawler/worker_server.go:128.2,129.12 2 0
go-crawler/worker_server.go:129.12,132.3 2 0
go-crawler/worker_server.go:134.2,134.9 1 0
go-crawler/worker_server.go:135.14,136.39 1 0
go-crawler/worker_server.go:137.43,138.59 1 0
go-crawler/worker_server.go:142.2,143.29 2 0
go-crawler/worker_server.go:143.29,146.3 2 0
go-crawler/worker_server.go:147.2,149.32 2 0
go-crawler/worker_server.go:157.63,162.56 3 0
go-crawler/worker_server.go:162.56,164.3 1 0
go-crawler/worker_server.go:167.2,167.29 1 0
go-crawler/worker_server.go:167.29,170.3 2 0
go-crawler/worker_server.go:172.2,177.27 5 0
go-crawler/worker_server.go:182.47,183.58 1 0
go-crawler/worker_server.go:183.58,185.3 1 0
go-crawler/worker_server.go:187.2,190.60 3 0
go-crawler/worker_server.go:190.60,192.3 1 0
go-crawler/worker_server.go:193.2,197.48 3 0
go-crawler/worker_server.go:197.48,204.17 4 0
go-crawler/worker_server.go:204.17,205.12 1 0
go-crawler/worker_server.go:207.3,208.17 2 0
go-crawler/worker_server.go:208.17,210.4 1 0
go-crawler/worker_server.go:215.24,219.12 3 0
go-crawler/worker_server.go:219.12,221.3 1 0
go-crawler/worker_server.go:223.2,227.9 4 0
go-crawler/worker_server.go:228.22,229.58 1 0
go-crawler/worker_server.go:230.22,234.46 4 0
go-crawler/worker_server.go:234.46,236.4 1 0
go-crawler/worker_server.go:237.3,238.13 2 0
go-crawler/worker_server.go:243.34,245.79 2 0
go-crawler/worker_server.go:245.79,247.3 1 0
go-crawler/worker_server.go:248.2,248.25 1 0
go-crawler/worker_server.go:252.36,254.2 1 0
go-crawler/worker_server.go:257.31,259.21 2 0
go-crawler/worker_server.go:259.21,261.3 1 0
go-crawler/worker_server.go:262.2,262.28 1 0
go-crawler/worker_server.go:266.26,269.2 2 0
